21:32:38 [main] INFO  by.bsu.library.run.Main - Hello user
21:32:38 [main] DEBUG by.bsu.library.stream.StreamController - Author={name='b1', title=600, numberOfPages=['StoreName', ]}
21:32:38 [main] DEBUG by.bsu.library.stream.StreamController - Author={name='b3', title=210, numberOfPages=['StoreName2', ]}
21:32:38 [main] INFO  by.bsu.library.run.Main - time without p: 3179900
21:32:38 [main] DEBUG by.bsu.library.stream.StreamController - Author={name='b3', title=210, numberOfPages=['StoreName2', ]}
21:32:38 [ForkJoinPool.commonPool-worker-5] DEBUG by.bsu.library.stream.StreamController - Author={name='b1', title=600, numberOfPages=['StoreName', ]}
21:32:38 [main] INFO  by.bsu.library.run.Main - time with p: 5380400
21:32:38 [main] DEBUG by.bsu.library.stream.StreamController - Author={name='b1', title=600, numberOfPages=['StoreName', ]}
21:32:38 [main] DEBUG by.bsu.library.stream.StreamController - Author={name='b3', title=210, numberOfPages=['StoreName2', ]}
21:42:18 [main] INFO  by.bsu.library.run.Main - Hello user
21:42:18 [main] DEBUG by.bsu.library.stream.StreamController - Author={name='b1', title=600, numberOfPages=['StoreName', ]}
21:42:18 [main] DEBUG by.bsu.library.stream.StreamController - Author={name='b3', title=210, numberOfPages=['StoreName2', ]}
21:42:18 [main] INFO  by.bsu.library.run.Main - time without p: 5319800
21:42:18 [main] DEBUG by.bsu.library.stream.StreamController - Author={name='b3', title=210, numberOfPages=['StoreName2', ]}
21:42:18 [main] DEBUG by.bsu.library.stream.StreamController - Author={name='b1', title=600, numberOfPages=['StoreName', ]}
21:42:18 [main] INFO  by.bsu.library.run.Main - time with p: 5421400
21:46:56 [main] INFO  by.bsu.library.run.Main - Hello user
21:46:56 [main] DEBUG by.bsu.library.stream.StreamController - Author={name='b1', title=600, numberOfPages=['StoreName', ]}
21:46:56 [main] DEBUG by.bsu.library.stream.StreamController - Author={name='b3', title=210, numberOfPages=['StoreName2', ]}
21:46:56 [main] INFO  by.bsu.library.run.Main - time without p: 3441700
21:46:56 [main] DEBUG by.bsu.library.stream.StreamController - Author={name='b3', title=210, numberOfPages=['StoreName2', ]}
21:46:56 [ForkJoinPool.commonPool-worker-7] DEBUG by.bsu.library.stream.StreamController - Author={name='b1', title=600, numberOfPages=['StoreName', ]}
21:46:56 [main] INFO  by.bsu.library.run.Main - time with p: 5376400
21:46:56 [main] DEBUG by.bsu.library.stream.StreamController - Author={name='b1', title=600, numberOfPages=['StoreName', ]}
21:46:56 [main] DEBUG by.bsu.library.stream.StreamController - Author={name='b3', title=210, numberOfPages=['StoreName2', ]}
21:47:12 [main] INFO  by.bsu.library.run.Main - Hello user
21:47:12 [main] DEBUG by.bsu.library.stream.StreamController - Author={name='b1', title=600, numberOfPages=['StoreName', ]}
21:47:12 [main] DEBUG by.bsu.library.stream.StreamController - Author={name='b3', title=210, numberOfPages=['StoreName2', ]}
21:47:12 [main] INFO  by.bsu.library.run.Main - time without p: 4039500
21:47:12 [main] DEBUG by.bsu.library.stream.StreamController - Author={name='b3', title=210, numberOfPages=['StoreName2', ]}
21:47:12 [ForkJoinPool.commonPool-worker-7] DEBUG by.bsu.library.stream.StreamController - Author={name='b1', title=600, numberOfPages=['StoreName', ]}
21:47:12 [main] INFO  by.bsu.library.run.Main - time with p: 5033100
21:48:57 [main] INFO  by.bsu.library.run.Main - Hello user
21:48:57 [main] DEBUG by.bsu.library.stream.StreamController - Author={name='b1', title=600, numberOfPages=['StoreName', ]}
21:48:57 [main] DEBUG by.bsu.library.stream.StreamController - Author={name='b3', title=210, numberOfPages=['StoreName2', ]}
21:48:57 [main] INFO  by.bsu.library.run.Main - time without p: 3889700
21:48:57 [main] DEBUG by.bsu.library.stream.StreamController - Author={name='b3', title=210, numberOfPages=['StoreName2', ]}
21:48:57 [main] DEBUG by.bsu.library.stream.StreamController - Author={name='b1', title=600, numberOfPages=['StoreName', ]}
21:48:57 [main] INFO  by.bsu.library.run.Main - time with p: 5604800
21:52:01 [main] INFO  by.bsu.library.run.Main - Hello user
21:52:01 [main] DEBUG by.bsu.library.stream.StreamController - Author={name='b1', title=600, numberOfPages=['StoreName', ]}
21:52:01 [main] DEBUG by.bsu.library.stream.StreamController - Author={name='b3', title=210, numberOfPages=['StoreName2', ]}
21:52:01 [main] INFO  by.bsu.library.run.Main - time without p: 3695300
21:52:01 [main] DEBUG by.bsu.library.stream.StreamController - Author={name='b3', title=210, numberOfPages=['StoreName2', ]}
21:52:01 [ForkJoinPool.commonPool-worker-7] DEBUG by.bsu.library.stream.StreamController - Author={name='b1', title=600, numberOfPages=['StoreName', ]}
21:52:01 [main] INFO  by.bsu.library.run.Main - time with p: 5386500
21:52:01 [main] INFO  by.bsu.library.run.Main - time without p: 7271800
21:52:01 [main] INFO  by.bsu.library.run.Main - time with p: 1387000
21:52:01 [main] DEBUG by.bsu.library.stream.StreamController - [Author={name='StoreName', age=0, books=['b1', b2', ]}]
21:52:01 [main] DEBUG by.bsu.library.stream.StreamController - [Author={name='StoreName', age=0, books=['b1', b2', ]}, Author={name='StoreName2', age=0, books=['b2', b3', ]}]
21:52:01 [main] DEBUG by.bsu.library.stream.StreamController - [Author={name='StoreName2', age=0, books=['b2', b3', ]}]
21:52:01 [main] DEBUG by.bsu.library.stream.StreamController - [Author={name='StoreName2', age=0, books=['b2', b3', ]}]
21:58:27 [main] INFO  by.bsu.library.run.Main - Hello user
21:58:27 [main] DEBUG by.bsu.library.stream.StreamController - Author={name='b1', title=600, numberOfPages=['StoreName', ]}
21:58:27 [main] DEBUG by.bsu.library.stream.StreamController - Author={name='b3', title=210, numberOfPages=['StoreName2', ]}
21:58:27 [main] INFO  by.bsu.library.run.Main - time without p: 4296300
21:58:27 [main] DEBUG by.bsu.library.stream.StreamController - Author={name='b3', title=210, numberOfPages=['StoreName2', ]}
21:58:27 [ForkJoinPool.commonPool-worker-7] DEBUG by.bsu.library.stream.StreamController - Author={name='b1', title=600, numberOfPages=['StoreName', ]}
21:58:27 [main] INFO  by.bsu.library.run.Main - time with p: 5070600
21:58:27 [main] INFO  by.bsu.library.run.Main - time without p: 6602600
21:58:27 [main] INFO  by.bsu.library.run.Main - time with p: 1311200
21:58:27 [main] DEBUG by.bsu.library.stream.StreamController - [Author={name='StoreName', age=0, books=['b1', b2', ]}]
21:58:27 [main] DEBUG by.bsu.library.stream.StreamController - [Author={name='StoreName', age=0, books=['b1', b2', ]}, Author={name='StoreName2', age=0, books=['b2', b3', ]}]
21:58:27 [main] DEBUG by.bsu.library.stream.StreamController - [Author={name='StoreName2', age=0, books=['b2', b3', ]}]
21:58:27 [main] DEBUG by.bsu.library.stream.StreamController - [Author={name='StoreName2', age=0, books=['b2', b3', ]}]
21:59:05 [main] INFO  by.bsu.library.run.Main - Hello user
21:59:05 [main] DEBUG by.bsu.library.stream.StreamController - Author={name='b1', title=600, numberOfPages=['StoreName', ]}
21:59:05 [main] DEBUG by.bsu.library.stream.StreamController - Author={name='b3', title=210, numberOfPages=['StoreName2', ]}
21:59:05 [main] INFO  by.bsu.library.run.Main - time without p: 4629300
21:59:05 [main] DEBUG by.bsu.library.stream.StreamController - Author={name='b3', title=210, numberOfPages=['StoreName2', ]}
21:59:05 [ForkJoinPool.commonPool-worker-5] DEBUG by.bsu.library.stream.StreamController - Author={name='b1', title=600, numberOfPages=['StoreName', ]}
21:59:05 [main] INFO  by.bsu.library.run.Main - time with p: 5152300
21:59:05 [main] INFO  by.bsu.library.run.Main - time without p: 6410400
21:59:05 [main] INFO  by.bsu.library.run.Main - time with p: 983300
21:59:05 [main] DEBUG by.bsu.library.stream.StreamController - [Author={name='StoreName', age=0, books=['b1', b2', ]}]
21:59:05 [main] DEBUG by.bsu.library.stream.StreamController - [Author={name='StoreName', age=0, books=['b1', b2', ]}, Author={name='StoreName2', age=0, books=['b2', b3', ]}]
21:59:05 [main] DEBUG by.bsu.library.stream.StreamController - [Author={name='StoreName2', age=0, books=['b2', b3', ]}]
21:59:05 [main] DEBUG by.bsu.library.stream.StreamController - [Author={name='StoreName2', age=0, books=['b2', b3', ]}]
21:59:34 [main] INFO  by.bsu.library.run.Main - Hello user
21:59:34 [main] DEBUG by.bsu.library.stream.StreamController - Author={name='b1', title=600, numberOfPages=['StoreName', ]}
21:59:34 [main] DEBUG by.bsu.library.stream.StreamController - Author={name='b3', title=210, numberOfPages=['StoreName2', ]}
21:59:34 [main] INFO  by.bsu.library.run.Main - time without p: 6836700
21:59:34 [main] DEBUG by.bsu.library.stream.StreamController - Author={name='b3', title=210, numberOfPages=['StoreName2', ]}
21:59:34 [main] DEBUG by.bsu.library.stream.StreamController - Author={name='b1', title=600, numberOfPages=['StoreName', ]}
21:59:34 [main] INFO  by.bsu.library.run.Main - time with p: 4140400
21:59:34 [main] INFO  by.bsu.library.run.Main - time without p: 7182200
21:59:34 [main] INFO  by.bsu.library.run.Main - time with p: 1162600
21:59:34 [main] DEBUG by.bsu.library.stream.StreamController - [Author={name='StoreName', age=0, books=['b1', b2', ]}]
21:59:34 [main] DEBUG by.bsu.library.stream.StreamController - [Author={name='StoreName', age=0, books=['b1', b2', ]}, Author={name='StoreName2', age=0, books=['b2', b3', ]}]
21:59:34 [main] DEBUG by.bsu.library.stream.StreamController - [Author={name='StoreName2', age=0, books=['b2', b3', ]}]
21:59:34 [main] DEBUG by.bsu.library.stream.StreamController - [Author={name='StoreName2', age=0, books=['b2', b3', ]}]
22:03:33 [main] INFO  by.bsu.library.run.Main - Hello user
22:03:33 [main] DEBUG by.bsu.library.stream.StreamController - Author={name='b1', title=600, numberOfPages=['StoreName', ]}
22:03:33 [main] DEBUG by.bsu.library.stream.StreamController - Author={name='b3', title=210, numberOfPages=['StoreName2', ]}
22:03:33 [main] INFO  by.bsu.library.run.Main - time without p: 3834900
22:03:34 [main] DEBUG by.bsu.library.stream.StreamController - Author={name='b3', title=210, numberOfPages=['StoreName2', ]}
22:03:34 [main] DEBUG by.bsu.library.stream.StreamController - Author={name='b1', title=600, numberOfPages=['StoreName', ]}
22:03:34 [main] INFO  by.bsu.library.run.Main - time with p: 4224400
22:03:34 [main] DEBUG by.bsu.library.stream.StreamController - Author={name='b1', title=600, numberOfPages=['StoreName', ]}
22:03:34 [main] DEBUG by.bsu.library.stream.StreamController - Author={name='b3', title=210, numberOfPages=['StoreName2', ]}
22:03:34 [main] DEBUG by.bsu.library.stream.StreamController - Author={name='b4', title=100, numberOfPages=['StoreName2', ]}
22:03:34 [main] INFO  by.bsu.library.run.Main - time without p: 5439300
22:03:34 [main] INFO  by.bsu.library.run.Main - time with p: 1057700
22:03:34 [main] DEBUG by.bsu.library.stream.StreamController - [Author={name='StoreName', age=0, books=['b1', b2', ]}]
22:03:34 [main] DEBUG by.bsu.library.stream.StreamController - [Author={name='StoreName', age=0, books=['b1', b2', ]}, Author={name='StoreName2', age=0, books=['b2', b3', ]}]
22:03:34 [main] DEBUG by.bsu.library.stream.StreamController - [Author={name='StoreName2', age=0, books=['b2', b3', ]}]
22:03:34 [main] DEBUG by.bsu.library.stream.StreamController - [Author={name='StoreName2', age=0, books=['b2', b3', ]}]
22:04:37 [main] INFO  by.bsu.library.run.Main - Hello user
22:04:37 [main] DEBUG by.bsu.library.stream.StreamController - Author={name='b1', title=600, numberOfPages=['StoreName', ]}
22:04:37 [main] DEBUG by.bsu.library.stream.StreamController - Author={name='b3', title=210, numberOfPages=['StoreName2', ]}
22:04:37 [main] INFO  by.bsu.library.run.Main - time without p: 4778100
22:04:37 [main] DEBUG by.bsu.library.stream.StreamController - Author={name='b3', title=210, numberOfPages=['StoreName2', ]}
22:04:37 [main] DEBUG by.bsu.library.stream.StreamController - Author={name='b1', title=600, numberOfPages=['StoreName', ]}
22:04:37 [main] INFO  by.bsu.library.run.Main - time with p: 4740900
22:04:37 [main] DEBUG by.bsu.library.stream.StreamController - Author={name='b1', title=600, numberOfPages=['StoreName', ]}
22:04:37 [main] DEBUG by.bsu.library.stream.StreamController - Author={name='b3', title=210, numberOfPages=['StoreName2', ]}
22:04:37 [main] DEBUG by.bsu.library.stream.StreamController - Author={name='b4', title=100, numberOfPages=['StoreName2', ]}
22:04:37 [main] INFO  by.bsu.library.run.Main - time without p: 6585800
22:04:37 [main] INFO  by.bsu.library.run.Main - time with p: 1474600
22:04:37 [main] DEBUG by.bsu.library.stream.StreamController - [Author={name='StoreName', age=0, books=['b1', b2', ]}]
22:04:37 [main] DEBUG by.bsu.library.stream.StreamController - [Author={name='StoreName', age=0, books=['b1', b2', ]}, Author={name='StoreName2', age=0, books=['b2', b3', b4', ]}]
22:04:37 [main] DEBUG by.bsu.library.stream.StreamController - [Author={name='StoreName2', age=0, books=['b2', b3', b4', ]}]
22:04:37 [main] DEBUG by.bsu.library.stream.StreamController - [Author={name='StoreName2', age=0, books=['b2', b3', b4', ]}]
22:07:20 [main] INFO  by.bsu.library.run.Main - Hello user
22:07:20 [main] DEBUG by.bsu.library.stream.StreamController - Books={name='b1', title=600, numberOfPages=['StoreName', ]}
22:07:20 [main] DEBUG by.bsu.library.stream.StreamController - Books={name='b3', title=210, numberOfPages=['StoreName2', ]}
22:07:20 [main] INFO  by.bsu.library.run.Main - time without p: 5451900
22:07:20 [main] DEBUG by.bsu.library.stream.StreamController - Books={name='b3', title=210, numberOfPages=['StoreName2', ]}
22:07:20 [main] DEBUG by.bsu.library.stream.StreamController - Books={name='b1', title=600, numberOfPages=['StoreName', ]}
22:07:20 [main] INFO  by.bsu.library.run.Main - time with p: 4844900
22:07:20 [main] DEBUG by.bsu.library.stream.StreamController - Books={name='b1', title=600, numberOfPages=['StoreName', ]}
22:07:20 [main] DEBUG by.bsu.library.stream.StreamController - Books={name='b3', title=210, numberOfPages=['StoreName2', ]}
22:07:20 [main] DEBUG by.bsu.library.stream.StreamController - Books={name='b4', title=100, numberOfPages=['StoreName2', ]}
22:07:20 [main] INFO  by.bsu.library.run.Main - time without p: 6622000
22:07:20 [main] INFO  by.bsu.library.run.Main - time with p: 1377500
22:07:20 [main] DEBUG by.bsu.library.stream.StreamController - [Author={name='StoreName', age=0, books=['b1', b2', ]}]
22:07:20 [main] DEBUG by.bsu.library.stream.StreamController - [Author={name='StoreName', age=0, books=['b1', b2', ]}, Author={name='StoreName2', age=0, books=['b2', b3', b4', ]}]
22:07:20 [main] DEBUG by.bsu.library.stream.StreamController - [Author={name='StoreName2', age=0, books=['b2', b3', b4', ]}]
22:07:20 [main] DEBUG by.bsu.library.stream.StreamController - [Author={name='StoreName2', age=0, books=['b2', b3', b4', ]}]
22:08:15 [main] INFO  by.bsu.library.run.Main - Hello user
22:08:15 [main] DEBUG by.bsu.library.stream.StreamController - Books={name='b1', numberOfPages=600, author=['StoreName', ]}
22:08:15 [main] DEBUG by.bsu.library.stream.StreamController - Books={name='b3', numberOfPages=210, author=['StoreName2', ]}
22:08:15 [main] INFO  by.bsu.library.run.Main - time without p: 5879700
22:08:15 [main] DEBUG by.bsu.library.stream.StreamController - Books={name='b3', numberOfPages=210, author=['StoreName2', ]}
22:08:15 [main] DEBUG by.bsu.library.stream.StreamController - Books={name='b1', numberOfPages=600, author=['StoreName', ]}
22:08:15 [main] INFO  by.bsu.library.run.Main - time with p: 6866800
22:08:15 [main] DEBUG by.bsu.library.stream.StreamController - Books={name='b1', numberOfPages=600, author=['StoreName', ]}
22:08:15 [main] DEBUG by.bsu.library.stream.StreamController - Books={name='b3', numberOfPages=210, author=['StoreName2', ]}
22:08:15 [main] DEBUG by.bsu.library.stream.StreamController - Books={name='b4', numberOfPages=100, author=['StoreName2', ]}
22:08:15 [main] INFO  by.bsu.library.run.Main - time without p: 7713500
22:08:15 [main] INFO  by.bsu.library.run.Main - time with p: 1599300
22:08:15 [main] DEBUG by.bsu.library.stream.StreamController - [Author={name='StoreName', age=0, books=['b1', b2', ]}]
22:08:15 [main] DEBUG by.bsu.library.stream.StreamController - [Author={name='StoreName', age=0, books=['b1', b2', ]}, Author={name='StoreName2', age=0, books=['b2', b3', b4', ]}]
22:08:15 [main] DEBUG by.bsu.library.stream.StreamController - [Author={name='StoreName2', age=0, books=['b2', b3', b4', ]}]
22:08:15 [main] DEBUG by.bsu.library.stream.StreamController - [Author={name='StoreName2', age=0, books=['b2', b3', b4', ]}]
22:10:41 [main] INFO  by.bsu.library.run.Main - Hello user
22:10:41 [main] DEBUG by.bsu.library.stream.StreamController - Books={name='b1', numberOfPages=600, author=['StoreName', ]}
22:10:41 [main] DEBUG by.bsu.library.stream.StreamController - Books={name='b3', numberOfPages=210, author=['StoreName2', ]}
22:10:41 [main] INFO  by.bsu.library.run.Main - time without p: 4685400
22:10:41 [main] DEBUG by.bsu.library.stream.StreamController - Books={name='b3', numberOfPages=210, author=['StoreName2', ]}
22:10:41 [main] DEBUG by.bsu.library.stream.StreamController - Books={name='b1', numberOfPages=600, author=['StoreName', ]}
22:10:41 [main] INFO  by.bsu.library.run.Main - time with p: 3927600
22:10:41 [main] DEBUG by.bsu.library.stream.StreamController - Books={name='b1', numberOfPages=600, author=['StoreName', ]}
22:10:41 [main] DEBUG by.bsu.library.stream.StreamController - Books={name='b3', numberOfPages=210, author=['StoreName2', ]}
22:10:41 [main] DEBUG by.bsu.library.stream.StreamController - Books={name='b4', numberOfPages=100, author=['StoreName2', ]}
22:10:41 [main] INFO  by.bsu.library.run.Main - time without p: 6294200
22:10:41 [main] INFO  by.bsu.library.run.Main - time with p: 1182300
22:15:37 [main] INFO  by.bsu.library.run.Main - Hello user
22:15:37 [main] DEBUG by.bsu.library.stream.StreamController - Books={name='b1', numberOfPages=600, author=['StoreName', ]}
22:15:37 [main] DEBUG by.bsu.library.stream.StreamController - Books={name='b3', numberOfPages=210, author=['StoreName2', ]}
22:15:37 [main] INFO  by.bsu.library.run.Main - time without p: 3727700
22:15:37 [main] DEBUG by.bsu.library.stream.StreamController - Books={name='b3', numberOfPages=210, author=['StoreName2', ]}
22:15:37 [ForkJoinPool.commonPool-worker-7] DEBUG by.bsu.library.stream.StreamController - Books={name='b1', numberOfPages=600, author=['StoreName', ]}
22:15:37 [main] INFO  by.bsu.library.run.Main - time with p: 4854500
22:15:37 [main] DEBUG by.bsu.library.stream.StreamController - Books={name='b1', numberOfPages=600, author=['StoreName', ]}
22:15:37 [main] DEBUG by.bsu.library.stream.StreamController - Books={name='b3', numberOfPages=210, author=['StoreName2', ]}
22:15:37 [main] DEBUG by.bsu.library.stream.StreamController - Books={name='b4', numberOfPages=100, author=['StoreName2', ]}
22:15:37 [main] INFO  by.bsu.library.run.Main - time without p: 5772700
22:15:37 [main] INFO  by.bsu.library.run.Main - time with p: 1192600
22:15:37 [main] DEBUG by.bsu.library.stream.StreamController - [Author={name='StoreName', age=0, books=['b1', b2', ]}]
22:15:37 [main] DEBUG by.bsu.library.stream.StreamController - [Author={name='StoreName', age=0, books=['b1', b2', ]}, Author={name='StoreName2', age=0, books=['b2', b3', b4', ]}]
22:15:37 [main] DEBUG by.bsu.library.stream.StreamController - [Author={name='StoreName2', age=0, books=['b2', b3', b4', ]}]
22:15:37 [main] DEBUG by.bsu.library.stream.StreamController - [Author={name='StoreName2', age=0, books=['b2', b3', b4', ]}]
22:22:09 [main] INFO  by.bsu.library.run.Main - Hello user
22:22:09 [main] DEBUG by.bsu.library.stream.StreamController - Books={name='b1', numberOfPages=600, author=['StoreName', ]}
22:22:09 [main] DEBUG by.bsu.library.stream.StreamController - Books={name='b3', numberOfPages=210, author=['StoreName2', ]}
22:22:09 [main] INFO  by.bsu.library.run.Main - time without p: 4958600
22:22:09 [main] DEBUG by.bsu.library.stream.StreamController - Books={name='b3', numberOfPages=210, author=['StoreName2', ]}
22:22:09 [main] DEBUG by.bsu.library.stream.StreamController - Books={name='b1', numberOfPages=600, author=['StoreName', ]}
22:22:09 [main] INFO  by.bsu.library.run.Main - time with p: 4898700
22:22:09 [main] DEBUG by.bsu.library.stream.StreamController - Books={name='b1', numberOfPages=600, author=['StoreName', ]}
22:22:09 [main] DEBUG by.bsu.library.stream.StreamController - Books={name='b3', numberOfPages=210, author=['StoreName2', ]}
22:22:09 [main] DEBUG by.bsu.library.stream.StreamController - Books={name='b4', numberOfPages=100, author=['StoreName2', ]}
22:22:09 [main] INFO  by.bsu.library.run.Main - time without p: 6688300
22:22:09 [main] INFO  by.bsu.library.run.Main - time with p: 1280900
22:22:09 [main] DEBUG by.bsu.library.stream.StreamController - [Author={name='StoreName', age=0, books=['b1', b2', ]}]
22:22:09 [main] DEBUG by.bsu.library.stream.StreamController - [Author={name='StoreName', age=0, books=['b1', b2', ]}, Author={name='StoreName2', age=0, books=['b2', b3', b4', ]}]
22:22:09 [main] DEBUG by.bsu.library.stream.StreamController - [Author={name='StoreName2', age=0, books=['b2', b3', b4', ]}]
22:22:09 [main] DEBUG by.bsu.library.stream.StreamController - [Author={name='StoreName2', age=0, books=['b2', b3', b4', ]}]
22:23:04 [main] INFO  by.bsu.library.run.Main - Hello user
22:23:04 [main] DEBUG by.bsu.library.stream.StreamController - Books={name='b1', numberOfPages=600, author=['StoreName', ]}
22:23:04 [main] DEBUG by.bsu.library.stream.StreamController - Books={name='b3', numberOfPages=210, author=['StoreName2', ]}
22:23:04 [main] INFO  by.bsu.library.run.Main - time without p: 5284900
22:23:04 [main] DEBUG by.bsu.library.stream.StreamController - Books={name='b3', numberOfPages=210, author=['StoreName2', ]}
22:23:04 [main] DEBUG by.bsu.library.stream.StreamController - Books={name='b1', numberOfPages=600, author=['StoreName', ]}
22:23:04 [main] INFO  by.bsu.library.run.Main - time with p: 4224900
22:23:04 [main] DEBUG by.bsu.library.stream.StreamController - Books={name='b1', numberOfPages=600, author=['StoreName', ]}
22:23:04 [main] DEBUG by.bsu.library.stream.StreamController - Books={name='b3', numberOfPages=210, author=['StoreName2', ]}
22:23:04 [main] DEBUG by.bsu.library.stream.StreamController - Books={name='b4', numberOfPages=100, author=['StoreName2', ]}
22:23:04 [main] INFO  by.bsu.library.run.Main - time without p: 7320100
22:23:04 [main] INFO  by.bsu.library.run.Main - time with p: 1287200
22:23:04 [main] DEBUG by.bsu.library.stream.StreamController - [Author={name='StoreName', age=0, books=['b1', b2', ]}]
22:23:04 [main] DEBUG by.bsu.library.stream.StreamController - [Author={name='StoreName', age=0, books=['b1', b2', ]}, Author={name='StoreName2', age=0, books=['b2', b3', b4', ]}]
22:23:04 [main] DEBUG by.bsu.library.stream.StreamController - [Author={name='StoreName2', age=0, books=['b2', b3', b4', ]}]
22:23:04 [main] DEBUG by.bsu.library.stream.StreamController - [Author={name='StoreName2', age=0, books=['b2', b3', b4', ]}]
